[04:46:50] run_scrape gestartet: https://www.willhaben.at/iad/gebrauchtwagen/auto/gebrauchtwagenboerse?sfId=073c28e0-506f-4d1b-a9da-362014b549d5&isNavigation=true&CAR_TYPE=6&rows=30&page=1&CAR_MODEL%2FMAKE=1065&CAR_MODEL%2FMODEL=1691&YEAR_MODEL_FROM=2018&MILEAGE_TO=100000&PRICE_TO=15000
[04:46:53] Cookie Accept (home): ok
[04:46:55] Cookie Accept (search): nicht gefunden/ignoriert
[04:46:55] Seite 1
[04:46:56] Scroll 1: 11 Inserate
[04:46:58] Scroll 2: 16 Inserate
[04:46:59] Scroll 3: 21 Inserate
[04:47:00] Scroll 4: 26 Inserate
[04:47:01] Scroll 5: 31 Inserate
[04:47:02] Scroll 6: 33 Inserate
[04:47:03] Scroll 7: 33 Inserate
[04:47:03] Gesammelte Inserate gesamt: 33
[04:47:03] Wechsle zu Seite 2
[04:47:06] Seite 2
[04:47:08] Scroll 1: 19 Inserate
[04:47:09] Scroll 2: 19 Inserate
[04:47:10] Scroll 3: 19 Inserate
[04:47:10] Gesammelte Inserate gesamt: 52
[04:47:10] Keine weitere Seite gefunden
[04:47:10] Skip (bereits bekannt): https://www.willhaben.at/iad/gebrauchtwagen/d/auto/vw-golf-e-golf-35-8kwh-mit-batterie-ccs-navi-pdc-acc-ruec-1055223161/
[04:47:10] Skip (bereits bekannt): https://www.willhaben.at/iad/gebrauchtwagen/d/auto/vw-golf-e-golf-vii-36kwh-aut-led-radar-sitzhzg-temp-1268664675/
[04:47:10] Skip (bereits bekannt): https://www.willhaben.at/iad/gebrauchtwagen/d/auto/vw-golf-sportsvan-tsi-comfortline-nur-24-911-km-1174017022/
[04:47:10] Skip (bereits bekannt): https://www.willhaben.at/iad/gebrauchtwagen/d/auto/vw-golf-rabbit-40-tsi-acc-app-connect-1854870464/
[04:47:10] Inserat 5/52: https://www.willhaben.at/iad/gebrauchtwagen/d/auto/vw-golf-vii-1-5-tsi-bluemotion-comfortline-946765032/
[04:47:13] EXTRA: fuel=Benzin, trans=Schaltgetriebe, drive=Vorderrad, feats=[]
[04:47:13] Skip (bereits bekannt): https://www.willhaben.at/iad/gebrauchtwagen/d/auto/vw-golf-rabbit-40-1-6-tdi-1926851510/
[04:47:13] Skip (bereits bekannt): https://www.willhaben.at/iad/gebrauchtwagen/d/auto/vw-golf-e-golf-1791857334/
[04:47:13] Skip (bereits bekannt): https://www.willhaben.at/iad/gebrauchtwagen/d/auto/vw-golf-tsi-ahk-panorama-kurvenlicht-assistent-led-1530388513/
[04:47:13] Skip (bereits bekannt): https://www.willhaben.at/iad/gebrauchtwagen/d/auto/vw-golf-e-golf-facelift-virtual-cockpit-kamera-navi-ccs-1332606887/
[04:47:13] Skip (bereits bekannt): https://www.willhaben.at/iad/gebrauchtwagen/d/auto/vw-golf-e-golf-35-8kwh-mit-batterie-1263291876/
[04:47:13] Skip (bereits bekannt): https://www.willhaben.at/iad/gebrauchtwagen/d/auto/vw-golf-e-golf-35-8kwh-led-navi-pdc-vo-hi-app-1485172914/
[04:47:13] Skip (bereits bekannt): https://www.willhaben.at/iad/gebrauchtwagen/d/auto/vw-golf-1-0-tsi-oeamtc-pickerl-neu-1824838027/
[04:47:13] Skip (bereits bekannt): https://www.willhaben.at/iad/gebrauchtwagen/d/auto/vw-golf-e-golf-35-8kwh-mit-batterie-1878921992/
[04:47:13] Skip (bereits bekannt): https://www.willhaben.at/iad/gebrauchtwagen/d/auto/vw-golf-rabbit-40-1-0-tsi-1458001935/
[04:47:13] Skip (bereits bekannt): https://www.willhaben.at/iad/gebrauchtwagen/d/auto/vw-golf-sportsvan-1-0-tsi-trendline-1-besitz-1649738785/
[04:47:13] Skip (bereits bekannt): https://www.willhaben.at/iad/gebrauchtwagen/d/auto/vw-golf-vii-rabbit-40-tsi-1-0-2002803272/
[04:47:13] Skip (bereits bekannt): https://www.willhaben.at/iad/gebrauchtwagen/d/auto/vw-golf-egolf-mit-bat-36kw-1163553199/
[04:47:13] Inserat 18/52: https://www.willhaben.at/iad/gebrauchtwagen/d/auto/vw-golf-gtd-2-0-tdi-dsg-1991188786/
[04:47:15] EXTRA: fuel=Diesel, trans=Automatik, drive=Vorderrad, feats=[]
[04:47:15] Skip (bereits bekannt): https://www.willhaben.at/iad/gebrauchtwagen/d/auto/vw-golf-rabbit-1-0-tsi-1856809641/
[04:47:15] Skip (bereits bekannt): https://www.willhaben.at/iad/gebrauchtwagen/d/auto/vw-golf-rabbit-40-1-0-tsi-1457130218/
[04:47:15] Skip (bereits bekannt): https://www.willhaben.at/iad/gebrauchtwagen/d/auto/vw-golf-e-golf-vii-36kwh-aut-led-radar-navi-assist-temp-1968942349/
[04:47:15] Skip (bereits bekannt): https://www.willhaben.at/iad/gebrauchtwagen/d/auto/vw-golf-rabbit-40-1-0-tsi-r-line-1983920244/
[04:47:15] Skip (bereits bekannt): https://www.willhaben.at/iad/gebrauchtwagen/d/auto/vw-golf-comfortline-1-4-tsi-1764278329/
[04:47:15] Skip (bereits bekannt): https://www.willhaben.at/iad/gebrauchtwagen/d/auto/vw-golf-e-golf-1859405749/
[04:47:15] Skip (bereits bekannt): https://www.willhaben.at/iad/gebrauchtwagen/d/auto/vw-golf-tsi-r-line-virtual-cockpit-app-connect-891775484/
[04:47:15] Skip (bereits bekannt): https://www.willhaben.at/iad/gebrauchtwagen/d/auto/vw-golf-7-1-0-tsi-comfortline-facelift-virtu-1805520045/
[04:47:15] Skip (bereits bekannt): https://www.willhaben.at/iad/gebrauchtwagen/d/auto/vw-golf-vw-golf-limousine-1421495295/
[04:47:15] Skip (bereits bekannt): https://www.willhaben.at/iad/gebrauchtwagen/d/auto/vw-golf-7-5-facelift-highline-optik-led-kamera-1778041166/
[04:47:15] Skip (bereits bekannt): https://www.willhaben.at/iad/gebrauchtwagen/d/auto/vw-golf-e-golf-vii-36kwh-aut-led-radar-navi-assist-temp-1338609472/
[04:47:15] Skip (bereits bekannt): https://www.willhaben.at/iad/gebrauchtwagen/d/auto/vw-golf-sportsvan-1-0-tsi-comfortline-nur-70-000-2057942015/
[04:47:15] Skip (bereits bekannt): https://www.willhaben.at/iad/gebrauchtwagen/d/auto/vw-golf-e-golf-35-8kwh-mit-batterie-1390165192/
[04:47:15] Skip (bereits bekannt): https://www.willhaben.at/iad/gebrauchtwagen/d/auto/vw-golf-viii-lim-basis-1092594924/
[04:47:15] Skip (bereits bekannt): https://www.willhaben.at/iad/gebrauchtwagen/d/auto/vw-golf-variant-2-0-tdi-life-acc-led-1808781574/
[04:47:15] Skip (bereits bekannt): https://www.willhaben.at/iad/gebrauchtwagen/d/auto/vw-golf-e-golf-vii-36kwh-aut-led-radar-tempomat-klima-pd-1489925463/
[04:47:15] Skip (bereits bekannt): https://www.willhaben.at/iad/gebrauchtwagen/d/auto/vw-golf-1-0-tsi-rabbit-1846764242/
[04:47:15] Skip (bereits bekannt): https://www.willhaben.at/iad/gebrauchtwagen/d/auto/vw-golf-trendline-1-0-tsi-1888604929/
[04:47:15] Skip (bereits bekannt): https://www.willhaben.at/iad/gebrauchtwagen/d/auto/vw-golf-7-4-motion-r-facelift-1782630590/
[04:47:15] Inserat 38/52: https://www.willhaben.at/iad/gebrauchtwagen/d/auto/vw-golf-2-0-tdi-life-move-dsg-lenkradheizung-kamera-1300528894/
[04:47:17] EXTRA: fuel=Diesel, trans=Automatik, drive=Vorderrad, feats=[]
[04:47:17] Skip (bereits bekannt): https://www.willhaben.at/iad/gebrauchtwagen/d/auto/vw-golf-rabbit-1-5-tgi-bluemotion-dsg-cng-benzin-1891606377/
[04:47:17] Skip (bereits bekannt): https://www.willhaben.at/iad/gebrauchtwagen/d/auto/vw-golf-comfortline-1-5-tsi-act-bluemotion-dsg-1603770089/
[04:47:17] Skip (bereits bekannt): https://www.willhaben.at/iad/gebrauchtwagen/d/auto/vw-golf-8-rabbit-1875379491/
[04:47:17] Skip (bereits bekannt): https://www.willhaben.at/iad/gebrauchtwagen/d/auto/vw-golf-sport-2-0-bmt-tdi-allstar-nur-113tkm-vermittlungsverkauf-1859355176/
[04:47:17] Skip (bereits bekannt): https://www.willhaben.at/iad/gebrauchtwagen/d/auto/vw-golf-sportsvan-1-0-tsi-comfortline-1242976223/
[04:47:17] Skip (bereits bekannt): https://www.willhaben.at/iad/gebrauchtwagen/d/auto/vw-golf-1-6-1524132195/
[04:47:17] Skip (bereits bekannt): https://www.willhaben.at/iad/gebrauchtwagen/d/auto/vw-golf-sportsvan-tsi-navi-acc-app-shz-front-light-1164962321/
[04:47:17] Skip (bereits bekannt): https://www.willhaben.at/iad/gebrauchtwagen/d/auto/vw-golf-led-navi-1043260488/
[04:47:17] Skip (bereits bekannt): https://www.willhaben.at/iad/gebrauchtwagen/d/auto/vw-golf-rabbit-40-1-0-tsi-859103239/
[04:47:17] Skip (bereits bekannt): https://www.willhaben.at/iad/gebrauchtwagen/d/auto/vw-golf-rabbit-40-tdi-1-6-116-ps-mit-diffsperre-xds-1292747953/
[04:47:17] Skip (bereits bekannt): https://www.willhaben.at/iad/gebrauchtwagen/d/auto/vw-golf-sportsvan-1-0-tsi-comfortline-1955614804/
[04:47:17] Skip (bereits bekannt): https://www.willhaben.at/iad/gebrauchtwagen/d/auto/vw-golf-1-6-tdi-1049641077/
[04:47:17] Inserat 51/52: https://www.willhaben.at/iad/gebrauchtwagen/d/auto/vw-golf-2-0-tdi-highline-style-dsg-acc-wenig-km-14000-1852507517/
[04:47:20] EXTRA: fuel=Diesel, trans=Automatik, drive=Vorderrad, feats=['acc']
[04:47:20] Skip (bereits bekannt): https://www.willhaben.at/iad/gebrauchtwagen/d/auto/vw-golf-e-golf-2020303848/
[04:47:20] Alle Inserate gespeichert
