[04:33:53] run_scrape gestartet: https://www.willhaben.at/iad/gebrauchtwagen/auto/gebrauchtwagenboerse?sfId=073c28e0-506f-4d1b-a9da-362014b549d5&isNavigation=true&CAR_TYPE=6&rows=30&page=1&CAR_MODEL%2FMAKE=1056&CAR_MODEL%2FMODEL=1590&YEAR_MODEL_FROM=2016&MILEAGE_TO=100000&PRICE_TO=15000
[04:33:57] Cookie Accept (home): ok
[04:33:59] Cookie Accept (search): nicht gefunden/ignoriert
[04:33:59] Seite 1
[04:34:00] Scroll 1: 11 Inserate
[04:34:01] Scroll 2: 16 Inserate
[04:34:02] Scroll 3: 21 Inserate
[04:34:03] Scroll 4: 23 Inserate
[04:34:04] Scroll 5: 23 Inserate
[04:34:05] Scroll 6: 23 Inserate
[04:34:05] Gesammelte Inserate gesamt: 23
[04:34:05] Keine weitere Seite gefunden
[04:34:05] Skip (bereits bekannt): https://www.willhaben.at/iad/gebrauchtwagen/d/auto/seat-leon-style-1-6-tdi-dsg-alcantara-schiebedach-1445497600/
[04:34:05] Skip (bereits bekannt): https://www.willhaben.at/iad/gebrauchtwagen/d/auto/seat-leon-xcellence-1-5-tsi-ab-ca-109-monatlich-1195455540/
[04:34:05] Skip (bereits bekannt): https://www.willhaben.at/iad/gebrauchtwagen/d/auto/seat-leon-reference-1952769893/
[04:34:05] Skip (bereits bekannt): https://www.willhaben.at/iad/gebrauchtwagen/d/auto/seat-leon-style-1-0-ecotsi-start-stopp-1850176241/
[04:34:05] Skip (bereits bekannt): https://www.willhaben.at/iad/gebrauchtwagen/d/auto/seat-leon-style-1-6-tdi-dsg-start-stopp-1439954256/
[04:34:05] Skip (bereits bekannt): https://www.willhaben.at/iad/gebrauchtwagen/d/auto/seat-leon-fr-black-edition-1-5-tgi-1972606265/
[04:34:05] Skip (bereits bekannt): https://www.willhaben.at/iad/gebrauchtwagen/d/auto/seat-leon-fr-1-4-tsi-facelift-navi-voll-led-1558253107/
[04:34:05] Skip (bereits bekannt): https://www.willhaben.at/iad/gebrauchtwagen/d/auto/seat-leon-xcellence-1-5-tsi-act-dsg-start-stopp-775885510/
[04:34:05] Skip (bereits bekannt): https://www.willhaben.at/iad/gebrauchtwagen/d/auto/seat-leon-reference-1-0-tsi-1170765914/
[04:34:05] Skip (bereits bekannt): https://www.willhaben.at/iad/gebrauchtwagen/d/auto/seat-leon-xcellence-2-0l-1086749556/
[04:34:05] Inserat 11/23: https://www.willhaben.at/iad/gebrauchtwagen/d/auto/seat-leon-1-0-tsi-style-990663273/
[04:34:07] EXTRA: fuel=Benzin, trans=Schaltgetriebe, drive=Vorderrad, feats=[]
[04:34:07] Inserat 12/23: https://www.willhaben.at/iad/gebrauchtwagen/d/auto/seat-leon-st-fr-tdi-dsg-1764070349/
[04:34:10] EXTRA: fuel=Diesel, trans=Automatik, drive=Vorderrad, feats=[]
[04:34:10] Skip (bereits bekannt): https://www.willhaben.at/iad/gebrauchtwagen/d/auto/seat-leon-tsi-style-design-paket-1108968698/
[04:34:10] Skip (bereits bekannt): https://www.willhaben.at/iad/gebrauchtwagen/d/auto/seat-leon-reference-1-0-tsi-1285217354/
[04:34:10] Skip (bereits bekannt): https://www.willhaben.at/iad/gebrauchtwagen/d/auto/seat-leon-1-5-tsi-fr-1959790049/
[04:34:10] Skip (bereits bekannt): https://www.willhaben.at/iad/gebrauchtwagen/d/auto/seat-leon-1653541520/
[04:34:10] Skip (bereits bekannt): https://www.willhaben.at/iad/gebrauchtwagen/d/auto/seat-leon-fr-1-4-tsi-1966330321/
[04:34:10] Inserat 18/23: https://www.willhaben.at/iad/gebrauchtwagen/d/auto/seat-leon-xcellence-975797802/
[04:34:12] EXTRA: fuel=Benzin, trans=Schaltgetriebe, drive=Vorderrad, feats=[]
[04:34:12] Skip (bereits bekannt): https://www.willhaben.at/iad/gebrauchtwagen/d/auto/seat-leon-reference-1-0-tsi-sitzh-temp-bt-mfl-1442237237/
[04:34:12] Skip (bereits bekannt): https://www.willhaben.at/iad/gebrauchtwagen/d/auto/seat-leon-reference-1-2-tsi-shz-pdc-849399607/
[04:34:12] Skip (bereits bekannt): https://www.willhaben.at/iad/gebrauchtwagen/d/auto/seat-leon-2-0-tdi-fr-pickerl-neu-1242217935/
[04:34:12] Skip (bereits bekannt): https://www.willhaben.at/iad/gebrauchtwagen/d/auto/seat-leon-1-5-tgi-fr-virtual-panorama-keyless-led-990796751/
[04:34:12] Skip (bereits bekannt): https://www.willhaben.at/iad/gebrauchtwagen/d/auto/seat-leon-executive-1-2-tsi-1230333947/
[04:34:12] Alle Inserate gespeichert
